#
# There is insufficient memory for the Java Runtime Environment to continue.
# Native memory allocation (malloc) failed to allocate 35651584 bytes for committing reserved memory.
# Possible reasons:
#   The system is out of physical RAM or swap space
#   In 32 bit mode, the process size limit was hit
# Possible solutions:
#   Reduce memory load on the system
#   Increase physical memory or swap space
#   Check if swap backing store is full
#   Use 64 bit Java on a 64 bit OS
#   Decrease Java heap size (-Xmx/-Xms)
#   Decrease number of Java threads
#   Decrease Java thread stack sizes (-Xss)
#   Set larger code cache with -XX:ReservedCodeCacheSize=
# This output file may be truncated or incomplete.
#
#  Out of Memory Error (os_linux.cpp:2756), pid=9770, tid=3062315840
#
# JRE version:  (7.0_80-b15) (build )
# Java VM: Java HotSpot(TM) Server VM (24.80-b11 mixed mode linux-x86 )
# Failed to write core dump. Core dumps have been disabled. To enable core dumping, try "ulimit -c unlimited" before starting Java again
#

---------------  T H R E A D  ---------------

Current thread (0xb6707800):  JavaThread "Unknown thread" [_thread_in_vm, id=9777, stack(0xb6823000,0xb6874000)]

Stack: [0xb6823000,0xb6874000],  sp=0xb6872a10,  free space=318k
Native frames: (J=compiled Java code, j=interpreted, Vv=VM code, C=native code)
V  [libjvm.so+0x7ea656]  VMError::report_and_die()+0x1a6
V  [libjvm.so+0x33eb82]  report_vm_out_of_memory(char const*, int, unsigned int, char const*)+0x72
V  [libjvm.so+0x687fb1]  os::Linux::commit_memory_impl(char*, unsigned int, bool)+0xe1
V  [libjvm.so+0x688478]  os::pd_commit_memory(char*, unsigned int, unsigned int, bool)+0x28
V  [libjvm.so+0x681b2c]  os::commit_memory(char*, unsigned int, unsigned int, bool)+0x2c
V  [libjvm.so+0x6ea8d8]  PSVirtualSpace::expand_by(unsigned int)+0x48
V  [libjvm.so+0x6a0100]  ParMarkBitMap::initialize(MemRegion)+0x110
V  [libjvm.so+0x6e1470]  PSParallelCompact::initialize()+0x130
V  [libjvm.so+0x6a7d05]  ParallelScavengeHeap::initialize()+0x5c5
V  [libjvm.so+0x7bd1c4]  Universe::initialize_heap()+0xa4
V  [libjvm.so+0x7be7f5]  universe_init()+0x55
V  [libjvm.so+0x452775]  init_globals()+0x55
V  [libjvm.so+0x7a73b0]  Threads::create_vm(JavaVMInitArgs*, bool*)+0x200
V  [libjvm.so+0x4c544c]  JNI_CreateJavaVM+0x5c
C  [libjli.so+0x2688]  JavaMain+0x98
C  [libpthread.so.0+0x6d4c]  start_thread+0xcc


---------------  P R O C E S S  ---------------

Java Threads: ( => current thread )

Other Threads:

=>0xb6707800 (exited) JavaThread "Unknown thread" [_thread_in_vm, id=9777, stack(0xb6823000,0xb6874000)]

VM state:not at safepoint (not fully initialized)

VM Mutex/Monitor currently owned by a thread: None

GC Heap History (0 events):
No events

Deoptimization events (0 events):
No events

Internal exceptions (0 events):
No events

Events (0 events):
No events


Dynamic libraries:
08048000-08049000 r-xp 00000000 08:01 1584716    /usr/lib/jvm/java-7-oracle/bin/java
08049000-0804a000 rw-p 00000000 08:01 1584716    /usr/lib/jvm/java-7-oracle/bin/java
09b46000-09b67000 rw-p 00000000 00:00 0          [heap]
6ec8d000-6ee00000 rw-p 00000000 00:00 0 
6ee00000-6ee21000 rw-p 00000000 00:00 0 
6ee21000-6ef00000 ---p 00000000 00:00 0 
6ef57000-6f000000 rw-p 00000000 00:00 0 
6f000000-6f021000 rw-p 00000000 00:00 0 
6f021000-6f100000 ---p 00000000 00:00 0 
6f127000-6f128000 ---p 00000000 00:00 0 
6f128000-6f1a8000 rw-p 00000000 00:00 0 
6f1a8000-6f1a9000 ---p 00000000 00:00 0 
6f1a9000-6f231000 rw-p 00000000 00:00 0 
6f231000-6f249000 rw-p 00000000 00:00 0 
6f249000-6f254000 rw-p 00000000 00:00 0 
6f254000-6f39f000 rw-p 00000000 00:00 0 
6f39f000-6f3a7000 rw-p 00000000 00:00 0 
6f3a7000-6f3bf000 rw-p 00000000 00:00 0 
6f3bf000-6f3ca000 rw-p 00000000 00:00 0 
6f3ca000-6f514000 rw-p 00000000 00:00 0 
6f514000-6f51a000 rw-p 00000000 00:00 0 
6f51a000-6f5bf000 rw-p 00000000 00:00 0 
6f5bf000-705c0000 rw-p 00000000 00:00 0 
705c0000-735c0000 rw-p 00000000 00:00 0 
735c0000-74ac0000 rw-p 00000000 00:00 0 
74ac0000-9e040000 rw-p 00000000 00:00 0 
9e040000-9eac0000 rw-p 00000000 00:00 0 
9eac0000-b35c0000 rw-p 00000000 00:00 0 
b35d1000-b35da000 rw-p 00000000 00:00 0 
b35da000-b3691000 rw-p 00000000 00:00 0 
b3691000-b38d1000 rwxp 00000000 00:00 0 
b38d1000-b6691000 rw-p 00000000 00:00 0 
b6691000-b66a8000 r-xp 00000000 08:01 1583858    /usr/lib/jvm/java-7-oracle/jre/lib/i386/libzip.so
b66a8000-b66a9000 rw-p 00016000 08:01 1583858    /usr/lib/jvm/java-7-oracle/jre/lib/i386/libzip.so
b66a9000-b66b4000 r-xp 00000000 08:01 1056245    /lib/i386-linux-gnu/libnss_files-2.15.so
b66b4000-b66b5000 r--p 0000a000 08:01 1056245    /lib/i386-linux-gnu/libnss_files-2.15.so
b66b5000-b66b6000 rw-p 0000b000 08:01 1056245    /lib/i386-linux-gnu/libnss_files-2.15.so
b66b6000-b66c0000 r-xp 00000000 08:01 1052249    /lib/i386-linux-gnu/libnss_nis-2.15.so
b66c0000-b66c1000 r--p 00009000 08:01 1052249    /lib/i386-linux-gnu/libnss_nis-2.15.so
b66c1000-b66c2000 rw-p 0000a000 08:01 1052249    /lib/i386-linux-gnu/libnss_nis-2.15.so
b66c2000-b66d8000 r-xp 00000000 08:01 1056255    /lib/i386-linux-gnu/libnsl-2.15.so
b66d8000-b66d9000 r--p 00015000 08:01 1056255    /lib/i386-linux-gnu/libnsl-2.15.so
b66d9000-b66da000 rw-p 00016000 08:01 1056255    /lib/i386-linux-gnu/libnsl-2.15.so
b66da000-b66dc000 rw-p 00000000 00:00 0 
b66dc000-b66ff000 r-xp 00000000 08:01 1583890    /usr/lib/jvm/java-7-oracle/jre/lib/i386/libjava.so
b66ff000-b6700000 rw-p 00023000 08:01 1583890    /usr/lib/jvm/java-7-oracle/jre/lib/i386/libjava.so
b6700000-b6726000 rw-p 00000000 00:00 0 
b6726000-b6800000 ---p 00000000 00:00 0 
b6811000-b6812000 rw-p 00000000 00:00 0 
b6812000-b681a000 rw-s 00000000 08:01 531804     /tmp/hsperfdata_acer/9770
b681a000-b6821000 r-xp 00000000 08:01 1056247    /lib/i386-linux-gnu/librt-2.15.so
b6821000-b6822000 r--p 00006000 08:01 1056247    /lib/i386-linux-gnu/librt-2.15.so
b6822000-b6823000 rw-p 00007000 08:01 1056247    /lib/i386-linux-gnu/librt-2.15.so
b6823000-b6826000 ---p 00000000 00:00 0 
b6826000-b6874000 rw-p 00000000 00:00 0 
b6874000-b689e000 r-xp 00000000 08:01 1056256    /lib/i386-linux-gnu/libm-2.15.so
b689e000-b689f000 r--p 00029000 08:01 1056256    /lib/i386-linux-gnu/libm-2.15.so
b689f000-b68a0000 rw-p 0002a000 08:01 1056256    /lib/i386-linux-gnu/libm-2.15.so
b68a0000-b7127000 r-xp 00000000 08:01 1583852    /usr/lib/jvm/java-7-oracle/jre/lib/i386/server/libjvm.so
b7127000-b718b000 rw-p 00886000 08:01 1583852    /usr/lib/jvm/java-7-oracle/jre/lib/i386/server/libjvm.so
b718b000-b75af000 rw-p 00000000 00:00 0 
b75af000-b7752000 r-xp 00000000 08:01 1056260    /lib/i386-linux-gnu/libc-2.15.so
b7752000-b7754000 r--p 001a3000 08:01 1056260    /lib/i386-linux-gnu/libc-2.15.so
b7754000-b7755000 rw-p 001a5000 08:01 1056260    /lib/i386-linux-gnu/libc-2.15.so
b7755000-b7758000 rw-p 00000000 00:00 0 
b7758000-b775b000 r-xp 00000000 08:01 1056258    /lib/i386-linux-gnu/libdl-2.15.so
b775b000-b775c000 r--p 00002000 08:01 1056258    /lib/i386-linux-gnu/libdl-2.15.so
b775c000-b775d000 rw-p 00003000 08:01 1056258    /lib/i386-linux-gnu/libdl-2.15.so
b775d000-b775e000 rw-p 00000000 00:00 0 
b775e000-b7772000 r-xp 00000000 08:01 1457084    /usr/lib/jvm/java-7-oracle/lib/i386/jli/libjli.so
b7772000-b7773000 rw-p 00013000 08:01 1457084    /usr/lib/jvm/java-7-oracle/lib/i386/jli/libjli.so
b7773000-b778a000 r-xp 00000000 08:01 1056243    /lib/i386-linux-gnu/libpthread-2.15.so
b778a000-b778b000 r--p 00016000 08:01 1056243    /lib/i386-linux-gnu/libpthread-2.15.so
b778b000-b778c000 rw-p 00017000 08:01 1056243    /lib/i386-linux-gnu/libpthread-2.15.so
b778c000-b778f000 rw-p 00000000 00:00 0 
b778f000-b7790000 rw-p 00000000 00:00 0 
b7790000-b7797000 r-xp 00000000 08:01 1056259    /lib/i386-linux-gnu/libnss_compat-2.15.so
b7797000-b7798000 r--p 00006000 08:01 1056259    /lib/i386-linux-gnu/libnss_compat-2.15.so
b7798000-b7799000 rw-p 00007000 08:01 1056259    /lib/i386-linux-gnu/libnss_compat-2.15.so
b7799000-b779a000 rw-p 00000000 00:00 0 
b779a000-b779b000 r--p 00000000 00:00 0 
b779b000-b77a6000 r-xp 00000000 08:01 1583885    /usr/lib/jvm/java-7-oracle/jre/lib/i386/libverify.so
b77a6000-b77a7000 rw-p 0000b000 08:01 1583885    /usr/lib/jvm/java-7-oracle/jre/lib/i386/libverify.so
b77a7000-b77a9000 rw-p 00000000 00:00 0 
b77a9000-b77aa000 r-xp 00000000 00:00 0          [vdso]
b77aa000-b77ca000 r-xp 00000000 08:01 1056248    /lib/i386-linux-gnu/ld-2.15.so
b77ca000-b77cb000 r--p 0001f000 08:01 1056248    /lib/i386-linux-gnu/ld-2.15.so
b77cb000-b77cc000 rw-p 00020000 08:01 1056248    /lib/i386-linux-gnu/ld-2.15.so
bfb3d000-bfb3e000 rwxp 00000000 00:00 0 
bfb70000-bfb91000 rw-p 00000000 00:00 0          [stack]

VM Arguments:
jvm_args: -Xmx1024M -Dfile.encoding=UTF-8 -Duser.country=FR -Duser.language=fr -Duser.variant 
java_command: com.android.dx.command.Main --dex --output /home/acer/Bureau/Puzzle_Attack/PuzzleAttack_project/build/intermediates/dex/debug /home/acer/Bureau/Puzzle_Attack/PuzzleAttack_project/build/intermediates/classes/debug /home/acer/Bureau/Puzzle_Attack/PuzzleAttack_project/build/intermediates/pre-dexed/debug/android-support-v4-8918ede581246fc873439c99e5cf4f21a1c27063.jar
Launcher Type: SUN_STANDARD

Environment Variables:
JAVA_HOME=/usr/lib/jvm/java-7-oracle
PATH=/usr/local/src/scala/scala-2.10.4/bin:/usr/local/bin:/usr/bin:/bin:/usr/games
USERNAME=acer
LD_LIBRARY_PATH=.:
SHELL=/bin/bash
DISPLAY=:0

Signal Handlers:
SIGSEGV: [libjvm.so+0x7eb160], sa_mask[0]=0x7ffbfeff, sa_flags=0x10000004
SIGBUS: [libjvm.so+0x7eb160], sa_mask[0]=0x7ffbfeff, sa_flags=0x10000004
SIGFPE: [libjvm.so+0x684ac0], sa_mask[0]=0x7ffbfeff, sa_flags=0x10000004
SIGPIPE: [libjvm.so+0x684ac0], sa_mask[0]=0x7ffbfeff, sa_flags=0x10000004
SIGXFSZ: [libjvm.so+0x684ac0], sa_mask[0]=0x7ffbfeff, sa_flags=0x10000004
SIGILL: [libjvm.so+0x684ac0], sa_mask[0]=0x7ffbfeff, sa_flags=0x10000004
SIGUSR1: SIG_DFL, sa_mask[0]=0x00000000, sa_flags=0x00000000
SIGUSR2: [libjvm.so+0x686330], sa_mask[0]=0x00000004, sa_flags=0x10000004
SIGHUP: SIG_DFL, sa_mask[0]=0x00000000, sa_flags=0x00000000
SIGINT: SIG_DFL, sa_mask[0]=0x00000000, sa_flags=0x00000000
SIGTERM: SIG_DFL, sa_mask[0]=0x00000000, sa_flags=0x00000000
SIGQUIT: SIG_DFL, sa_mask[0]=0x00000000, sa_flags=0x00000000


---------------  S Y S T E M  ---------------

OS:wheezy/sid

uname:Linux 3.2.0-97-generic-pae #137-Ubuntu SMP Thu Dec 17 21:37:53 UTC 2015 i686
libc:glibc 2.15 NPTL 2.15 
rlimit: STACK 8192k, CORE 0k, NPROC 15978, NOFILE 4096, AS infinity
load average:2.60 2.52 2.53

/proc/meminfo:
MemTotal:        2059924 kB
MemFree:           99880 kB
Buffers:            2100 kB
Cached:            64916 kB
SwapCached:            0 kB
Active:          1840076 kB
Inactive:          41532 kB
Active(anon):    1815492 kB
Inactive(anon):     9600 kB
Active(file):      24584 kB
Inactive(file):    31932 kB
Unevictable:           0 kB
Mlocked:               0 kB
HighTotal:       1182216 kB
HighFree:            560 kB
LowTotal:         877708 kB
LowFree:           99320 kB
SwapTotal:             0 kB
SwapFree:              0 kB
Dirty:              1292 kB
Writeback:             0 kB
AnonPages:       1814712 kB
Mapped:            38316 kB
Shmem:             10432 kB
Slab:              32168 kB
SReclaimable:      14084 kB
SUnreclaim:        18084 kB
KernelStack:        3808 kB
PageTables:        11152 kB
NFS_Unstable:          0 kB
Bounce:                0 kB
WritebackTmp:          0 kB
CommitLimit:     1029960 kB
Committed_AS:    4317048 kB
VmallocTotal:     122880 kB
VmallocUsed:       53672 kB
VmallocChunk:      63876 kB
HardwareCorrupted:     0 kB
AnonHugePages:         0 kB
HugePages_Total:       0
HugePages_Free:        0
HugePages_Rsvd:        0
HugePages_Surp:        0
Hugepagesize:       2048 kB
DirectMap4k:       79864 kB
DirectMap2M:      833536 kB


CPU:total 2 (2 cores per cpu, 1 threads per core) family 6 model 15 stepping 6, cmov, cx8, fxsr, mmx, sse, sse2, sse3, ssse3, tsc

/proc/cpuinfo:
processor	: 0
vendor_id	: GenuineIntel
cpu family	: 6
model		: 15
model name	: Intel(R) Core(TM)2 CPU         T5500  @ 1.66GHz
stepping	: 6
microcode	: 0x48
cpu MHz		: 1333.000
cache size	: 2048 KB
physical id	: 0
siblings	: 2
core id		: 0
cpu cores	: 2
apicid		: 0
initial apicid	: 0
fdiv_bug	: no
hlt_bug		: no
f00f_bug	: no
coma_bug	: no
fpu		: yes
fpu_exception	: yes
cpuid level	: 10
wp		: yes
flags		: fpu vme de pse tsc msr pae mce cx8 apic sep mtrr pge mca cmov pat pse36 clflush dts acpi mmx fxsr sse sse2 ss ht tm pbe nx lm constant_tsc arch_perfmon pebs bts aperfmperf pni dtes64 monitor ds_cpl est tm2 ssse3 cx16 xtpr pdcm lahf_lm dtherm
bogomips	: 3325.26
clflush size	: 64
cache_alignment	: 64
address sizes	: 36 bits physical, 48 bits virtual
power management:

processor	: 1
vendor_id	: GenuineIntel
cpu family	: 6
model		: 15
model name	: Intel(R) Core(TM)2 CPU         T5500  @ 1.66GHz
stepping	: 6
microcode	: 0x48
cpu MHz		: 1000.000
cache size	: 2048 KB
physical id	: 0
siblings	: 2
core id		: 1
cpu cores	: 2
apicid		: 1
initial apicid	: 1
fdiv_bug	: no
hlt_bug		: no
f00f_bug	: no
coma_bug	: no
fpu		: yes
fpu_exception	: yes
cpuid level	: 10
wp		: yes
flags		: fpu vme de pse tsc msr pae mce cx8 apic sep mtrr pge mca cmov pat pse36 clflush dts acpi mmx fxsr sse sse2 ss ht tm pbe nx lm constant_tsc arch_perfmon pebs bts aperfmperf pni dtes64 monitor ds_cpl est tm2 ssse3 cx16 xtpr pdcm lahf_lm dtherm
bogomips	: 3325.08
clflush size	: 64
cache_alignment	: 64
address sizes	: 36 bits physical, 48 bits virtual
power management:



Memory: 4k page, physical 2059924k(99880k free), swap 0k(0k free)

vm_info: Java HotSpot(TM) Server VM (24.80-b11) for linux-x86 JRE (1.7.0_80-b15), built on Apr 10 2015 12:29:10 by "java_re" with gcc 4.3.0 20080428 (Red Hat 4.3.0-8)

time: Sat Jan  9 13:04:08 2016
elapsed time: 0 seconds

